
Request: GET /test1 at Thu Nov 23 2023 14:47:22 GMT-0300, IP: ::ffff:127.0.0.1, User Agent: insomnia/8.4.4
Response Body:
Hello Dev List!
Response: 200 2.560 ms 

Request: GET /test1 at Thu Nov 23 2023 14:47:24 GMT-0300, IP: ::ffff:127.0.0.1, User Agent: insomnia/8.4.4
Response Body:
Hello Dev List!
Response: 200 0.332 ms 

Request: POST /test1 at Thu Nov 23 2023 14:48:16 GMT-0300, IP: ::ffff:127.0.0.1, User Agent: insomnia/8.4.4
Request Body:
{
	"a": "1",
	"b": "2",
	"c": "33",
	"d": "4zxczx "
}
Response Body:
{
	"a": "1",
	"b": "2",
	"c": "33",
	"d": "4zxczx "
}
Response: 200 1.719 ms 

Request: POST /test1 at Thu Nov 23 2023 14:48:19 GMT-0300, IP: ::ffff:127.0.0.1, User Agent: insomnia/8.4.4
Request Body:
{
	"a": "1",
	"b": "2zxcx",
	"c": "33",
	"d": "4zxczx "
}
Response Body:
{
	"a": "1",
	"b": "2zxcx",
	"c": "33",
	"d": "4zxczx "
}
Response: 200 0.305 ms 

Request: POST /test1 at Thu Nov 23 2023 14:48:21 GMT-0300, IP: ::ffff:127.0.0.1, User Agent: insomnia/8.4.4
Request Body:
{
	"a": "1zxczx",
	"b": "2zxcx",
	"c": "33",
	"d": "4zxczx "
}
Response Body:
{
	"a": "1zxczx",
	"b": "2zxcx",
	"c": "33",
	"d": "4zxczx "
}
Response: 200 0.369 ms 

Request: POST /test1noia at Thu Nov 23 2023 14:49:28 GMT-0300, IP: ::ffff:127.0.0.1, User Agent: insomnia/8.4.4
Request Body:
{
	"a": "1zxczx",
	"b": "2zxcx",
	"c": "33",
	"d": "4zxczx "
}
Response Body:
noia
Response: 200 1.484 ms 

Request: POST /test1noia?abc=%22a%22 at Thu Nov 23 2023 14:49:42 GMT-0300, IP: ::ffff:127.0.0.1, User Agent: insomnia/8.4.4
Request Body:
{
	"a": "1zxczx",
	"b": "2zxcx",
	"c": "33",
	"d": "4zxczx "
}
Response Body:
noia
Response: 200 0.258 ms 

[96mRequest: [93mPOST [97m/test1noia?abc=%22a%22 [90mat [37mThu Nov 23 2023 14:53:21 GMT-0300, [90mIP: [37m::ffff:127.0.0.1[0m, [90mUser Agent: insomnia/8.4.4[0m
[95mRequest Body:[0m
[97m{[0m
[97m	"a": "1zxczx",[0m
[97m	"b": "2zxcx",[0m
[97m	"c": "33",[0m
[97m	"d": "4zxczx "[0m
[97m}[0m
[95mResponse Body:[0m
[97mnoia[0m
[96mResponse: [32m200 [37m1.484 ms 

Request: POST /test1noia?abc=%22a%22 at Thu Nov 23 2023 14:53:33 GMT-0300, IP: ::ffff:127.0.0.1, User Agent: insomnia/8.4.4
Request Body:
{
	"a": "1zxczx",
	"b": "2zxcx",
	"c": "33",
	"d": "4zxczx "
}
Response Body:
noia
Response: 200 1.662 ms 

[ca974d26-345c-48b2-b300-f0dd09f670fd] Request: POST /test1noia?abc=%22a%22 at Thu Nov 23 2023 14:54:14 GMT-0300, IP: ::ffff:127.0.0.1, User Agent: insomnia/8.4.4
[ca974d26-345c-48b2-b300-f0dd09f670fd] Request Body:
{
	"a": "1zxczx",
	"b": "2zxcx",
	"c": "33",
	"d": "4zxczx "
}
[ca974d26-345c-48b2-b300-f0dd09f670fd] Response Body:
noia
[ca974d26-345c-48b2-b300-f0dd09f670fd] Response: 200 1.484 ms 

Request: POST /test1noia?abc=%22a%22 headers[host=localhost:5555;content-type=application/json;user-agent=insomnia/8.4.4;accept=*/*;content-length=62] at Thu Nov 23 2023 14:54:53 GMT-0300, IP: ::ffff:127.0.0.1, User Agent: insomnia/8.4.4
Request Body:
{
	"a": "1zxczx",
	"b": "2zxcx",
	"c": "33",
	"d": "4zxczx "
}
Response Body:
noia
Response: 200 3.083 ms 

Request: POST /test1noia?abc=%22a%22 headers[host=localhost:5555;content-type=application/json;user-agent=insomnia/8.4.4;token=brazino;accept=*/*;content-length=62] at Thu Nov 23 2023 14:55:28 GMT-0300, IP: ::ffff:127.0.0.1, User Agent: insomnia/8.4.4
Request Body:
{
	"a": "1zxczx",
	"b": "2zxcx",
	"c": "33",
	"d": "4zxczx "
}
Response Body:
noia
Response: 200 0.592 ms 

Request: POST /test1noia?abc=%22a%22 headers[host=localhost:5555;content-type=application/json;user-agent=insomnia/8.4.4;token=brazino;accept=*/*;content-length=62] at Thu Nov 23 2023 14:57:57 GMT-0300, IP: ::ffff:127.0.0.1, User Agent: insomnia/8.4.4
Request Body:
{
	"a": "1zxczx",
	"b": "2zxcx",
	"c": "33",
	"d": "4zxczx "
}
Response Body:
noia
Response: 200 1.597 ms  headers[x-powered-by=Express;content-type=application/json; charset=utf-8;content-length=6;etag=W/"6-PC5sCgpNuKTEdDeAfCVLODNRfF0"]

Request: POST /test1noia?abc=%22a%22 headers[host=localhost:5555;content-type=application/json;user-agent=insomnia/8.4.4;token=brazino;accept=*/*;content-length=62] at Thu Nov 23 2023 14:59:05 GMT-0300, IP: ::ffff:127.0.0.1, User Agent: insomnia/8.4.4
Request Body:
{
	"a": "1zxczx",
	"b": "2zxcx",
	"c": "33",
	"d": "4zxczx "
}
Response Body:
noia
Response: 200 1.889 ms  headers[x-powered-by=Express;content-type=application/json; charset=utf-8;content-length=6;etag=W/"6-PC5sCgpNuKTEdDeAfCVLODNRfF0"]

Request: POST /test1noia?abc=%22a%22 headers[host=localhost:5555;content-type=application/json;user-agent=insomnia/8.4.4;token=brazino;accept=*/*;content-length=62] at Thu Nov 23 2023 14:59:07 GMT-0300, IP: ::ffff:127.0.0.1, User Agent: insomnia/8.4.4
Request Body:
{
	"a": "1zxczx",
	"b": "2zxcx",
	"c": "33",
	"d": "4zxczx "
}
Response Body:
noia
Response: 200 0.412 ms  headers[x-powered-by=Express;content-type=application/json; charset=utf-8;content-length=6;etag=W/"6-PC5sCgpNuKTEdDeAfCVLODNRfF0"]

Request: POST /test1noia?abc=%22a%22 headers[host=localhost:5555;content-type=application/json;user-agent=insomnia/8.4.4;token=brazino;accept=*/*;content-length=62] at Thu Nov 23 2023 15:02:28 GMT-0300, IP: ::ffff:127.0.0.1, User Agent: insomnia/8.4.4
Request Body:
{
	"a": "1zxczx",
	"b": "2zxcx",
	"c": "33",
	"d": "4zxczx "
}
Response: 404 5.345 ms  headers[x-powered-by=Express;content-security-policy=default-src 'none';x-content-type-options=nosniff;content-type=text/html; charset=utf-8;content-length=149]

Request: POST /test1noia?abc=%22a%22 headers[host=localhost:5555;content-type=application/json;user-agent=insomnia/8.4.4;token=brazino;accept=*/*;content-length=62] at Thu Nov 23 2023 15:02:33 GMT-0300, IP: ::ffff:127.0.0.1, User Agent: insomnia/8.4.4
Request Body:
{
	"a": "1zxczx",
	"b": "2zxcx",
	"c": "33",
	"d": "4zxczx "
}
Response: 404 0.855 ms  headers[x-powered-by=Express;content-security-policy=default-src 'none';x-content-type-options=nosniff;content-type=text/html; charset=utf-8;content-length=149]

Request: POST /test1noia?abc=%22a%22 headers[host=localhost:5555;content-type=application/json;user-agent=insomnia/8.4.4;token=brazino;accept=*/*;content-length=62] at Thu Nov 23 2023 15:02:41 GMT-0300, IP: ::ffff:127.0.0.1, User Agent: insomnia/8.4.4
Request Body:
{
	"a": "1zxczx",
	"b": "2zxcx",
	"c": "33",
	"d": "4zxczx "
}
Response: 404 0.711 ms  headers[x-powered-by=Express;content-security-policy=default-src 'none';x-content-type-options=nosniff;content-type=text/html; charset=utf-8;content-length=149]

Request: POST /test1noia?abc=%22a%22 headers[host=localhost:5555;content-type=application/json;user-agent=insomnia/8.4.4;token=brazino;accept=*/*;content-length=62] at Thu Nov 23 2023 15:02:50 GMT-0300, IP: ::ffff:127.0.0.1, User Agent: insomnia/8.4.4
Request Body:
{
	"a": "1zxczx",
	"b": "2zxcx",
	"c": "33",
	"d": "4zxczx "
}
Response Body:
noia
Response: 200 3.072 ms  headers[x-powered-by=Express;content-type=application/json; charset=utf-8;content-length=6;etag=W/"6-PC5sCgpNuKTEdDeAfCVLODNRfF0"]
